\BOOKMARK [0][]{chapter.1}{\376\377\0001\000\040\230\171\166\356\151\202\217\360\000\040\000\050\000P\000r\000o\000j\000e\000c\000t\000\040\000O\000v\000e\000r\000v\000i\000e\000w\000\051}{}% 1
\BOOKMARK [1][]{section.1.1}{\376\377\0001\000.\0001\000\040\167\037\133\236\117\177\165\050\127\072\146\157\377\010\122\241\137\305\213\251\226\037\123\313\213\262\156\005\151\132\377\011}{chapter.1}% 2
\BOOKMARK [0][]{chapter.2}{\376\377\0002\000\040\142\200\147\057\147\266\147\204\000\040\000\050\000T\000e\000c\000h\000n\000i\000c\000a\000l\000\040\000A\000r\000c\000h\000i\000t\000e\000c\000t\000u\000r\000e\000\051}{}% 3
\BOOKMARK [1][]{section.2.1}{\376\377\0002\000.\0001\000\040\116\000\137\040\126\376\167\013\141\302\377\032\116\316\040\034\227\142\123\005\147\177\161\147\162\107\040\035\122\060\040\034\177\121\210\150\000+\176\240\225\031\136\372\213\256\040\035}{chapter.2}% 4
\BOOKMARK [2][]{subsection.2.1.1}{\376\377\0002\000.\0001\000.\0001\000\040\141\037\167\345\134\102\000\040\000\050\000P\000e\000r\000c\000e\000p\000t\000i\000o\000n\000\051}{section.2.1}% 5
\BOOKMARK [2][]{subsection.2.1.2}{\376\377\0002\000.\0001\000.\0002\000\040\220\073\217\221\134\102\000\040\000\050\000L\000o\000g\000i\000c\000\040\000\046\000\040\000R\000e\000a\000s\000o\000n\000i\000n\000g\000\051}{section.2.1}% 6
\BOOKMARK [3][]{subsubsection.2.1.2.1}{\376\377\0002\000.\0001\000.\0002\000.\0001\000\040\227\142\123\005\147\177\213\306\122\053\166\204\121\163\225\056\377\032\116\015\146\057\040\034\213\306\122\053\121\103\116\366\040\035\377\014\200\014\146\057\040\034\213\306\122\053\121\103\116\366\143\322\127\050\124\352\040\035}{subsection.2.1.2}% 7
\BOOKMARK [3][]{subsubsection.2.1.2.2}{\376\377\0002\000.\0001\000.\0002\000.\0002\000\040\201\352\122\250\165\037\142\020\165\065\215\357\177\121\210\150\377\032\126\376\213\272\142\212\040\034\143\245\176\277\121\163\174\373\040\035\123\330\142\020\040\034\123\357\133\371\153\324\166\204\145\207\147\054\040\035}{subsection.2.1.2}% 8
\BOOKMARK [2][]{subsection.2.1.3}{\376\377\0002\000.\0001\000.\0003\000\040\116\244\116\222\134\102\000\040\000\050\000I\000n\000t\000e\000r\000a\000c\000t\000i\000o\000n\000\051}{section.2.1}% 9
\BOOKMARK [3][]{subsubsection.2.1.3.1}{\376\377\0002\000.\0001\000.\0003\000.\0001\000\040\000A\000I\000\040\152\041\127\213\220\350\177\162\377\010\121\150\172\357\117\247\121\150\171\273\176\277\147\266\147\204\377\011}{subsection.2.1.3}% 10
\BOOKMARK [1][]{section.2.2}{\376\377\0002\000.\0002\000\040\142\200\147\057\150\010\140\073\211\310}{chapter.2}% 11
\BOOKMARK [1][]{section.2.3}{\376\377\0002\000.\0003\000\040\116\343\170\001\145\207\116\366\146\040\134\004}{chapter.2}% 12
\BOOKMARK [1][]{section.2.4}{\376\377\0002\000.\0004\000\040\121\163\116\216\040\034\123\352\165\050\000\040\0001\000\040\137\040\161\147\162\107\213\255\176\303\040\035\166\204\211\343\221\312}{chapter.2}% 13
\BOOKMARK [2][]{subsection.2.4.1}{\376\377\0002\000.\0004\000.\0001\000\040\133\371\131\026\210\150\217\276\377\010\124\010\211\304\116\024\133\371\213\304\133\241\123\313\131\175\377\011}{section.2.4}% 14
\BOOKMARK [2][]{subsection.2.4.2}{\376\377\0002\000.\0004\000.\0002\000\040\226\037\121\205\121\161\213\306}{section.2.4}% 15
\BOOKMARK [1][]{section.2.5}{\376\377\0002\000.\0005\000\040\116\023\116\032\147\057\213\355\210\150\000\040\000\050\000T\000e\000r\000m\000i\000n\000o\000l\000o\000g\000y\000\051}{chapter.2}% 16
\BOOKMARK [1][]{section.2.6}{\376\377\0002\000.\0006\000\040\217\320\210\114\163\257\130\203\116\016\117\235\215\126}{chapter.2}% 17
\BOOKMARK [2][]{subsection.2.6.1}{\376\377\0002\000.\0006\000.\0001\000\040\000P\000y\000t\000h\000o\000n\000\040\173\054\116\011\145\271\136\223\377\010\143\011\122\237\200\375\122\006\176\304\377\011}{section.2.6}% 18
\BOOKMARK [2][]{subsection.2.6.2}{\376\377\0002\000.\0006\000.\0002\000\040\152\041\127\213\116\016\215\104\156\220\145\207\116\366}{section.2.6}% 19
\BOOKMARK [2][]{subsection.2.6.3}{\376\377\0002\000.\0006\000.\0003\000\040\157\024\171\072\145\160\143\156\226\306\176\323\147\204\377\010\211\343\221\312\040\034\0001\000\040\137\040\161\147\162\107\140\016\116\110\213\255\176\303\040\035\377\011}{section.2.6}% 20
\BOOKMARK [1][]{section.2.7}{\376\377\0002\000.\0007\000\040\150\070\137\303\152\041\127\127\217\223\121\145\217\223\121\372\220\073\217\221\151\202\211\201}{chapter.2}% 21
\BOOKMARK [0][]{chapter.3}{\376\377\0003\000\040\150\070\137\303\173\227\154\325\213\346\211\343\000\040\000\050\000C\000o\000r\000e\000\040\000A\000l\000g\000o\000r\000i\000t\000h\000m\000s\000\051}{}% 22
\BOOKMARK [1][]{section.3.1}{\376\377\0003\000.\0001\000\040\211\306\211\311\141\037\167\345\377\032\127\372\116\216\040\034\121\154\137\000\230\204\213\255\176\303\000\040\000+\000\040\127\072\146\157\134\017\150\067\147\054\137\256\214\003\040\035\166\204\000\040\000O\000B\000B\000\040\150\300\155\113\173\126\165\145}{chapter.3}% 23
\BOOKMARK [1][]{section.3.2}{\376\377\0003\000.\0002\000\040\172\172\225\364\213\241\173\227\116\016\126\376\213\272\143\250\164\006\377\032\116\316\040\034\153\173\147\177\153\324\133\371\040\035\122\060\040\034\164\006\211\343\165\065\215\357\040\035}{chapter.3}% 24
\BOOKMARK [2][]{subsection.3.2.1}{\376\377\0003\000.\0002\000.\0001\000\040\126\376\213\272\136\372\152\041\000\040\000\050\000G\000r\000a\000p\000h\000\040\000M\000o\000d\000e\000l\000i\000n\000g\000\051}{section.3.2}% 25
\BOOKMARK [2][]{subsection.3.2.2}{\376\377\0003\000.\0002\000.\0002\000\040\133\120\126\376\124\014\147\204\116\016\133\271\225\031\220\073\217\221\000\040\000\050\000S\000u\000b\000g\000r\000a\000p\000h\000\040\000I\000s\000o\000m\000o\000r\000p\000h\000i\000s\000m\000\040\000\046\000\040\000F\000a\000u\000l\000t\000\040\000T\000o\000l\000e\000r\000a\000n\000c\000e\000\051}{section.3.2}% 26
\BOOKMARK [1][]{section.3.3}{\376\377\0003\000.\0003\000\040\146\172\200\375\131\047\201\021\377\032\121\150\171\273\176\277\123\314\137\025\144\316\143\250\164\006\000\040\000\050\000D\000u\000a\000l\000-\000E\000n\000g\000i\000n\000e\000\040\000O\000f\000f\000l\000i\000n\000e\000\040\000I\000n\000f\000e\000r\000e\000n\000c\000e\000\051}{chapter.3}% 27
\BOOKMARK [1][]{section.3.4}{\376\377\0003\000.\0004\000\040\121\163\225\056\133\236\163\260\116\343\170\001\174\276\220\011\000\040\000\050\000K\000e\000y\000\040\000I\000m\000p\000l\000e\000m\000e\000n\000t\000a\000t\000i\000o\000n\000\040\000S\000n\000i\000p\000p\000e\000t\000s\000\051}{chapter.3}% 28
\BOOKMARK [0][]{chapter.4}{\376\377\0004\000\040\157\024\171\072\133\236\163\260\215\357\137\204\000\040\000\050\000I\000m\000p\000l\000e\000m\000e\000n\000t\000a\000t\000i\000o\000n\000\040\000P\000i\000p\000e\000l\000i\000n\000e\000\051}{}% 29
\BOOKMARK [1][]{section.4.1}{\376\377\0004\000.\0001\000\040\157\024\171\072\145\366\040\034\226\037\123\313\213\345\140\016\116\110\213\262\040\035\377\010\143\011\155\101\172\013\116\000\123\345\116\000\123\345\137\365\377\011}{chapter.4}% 30
\BOOKMARK [1][]{section.4.2}{\376\377\0004\000.\0002\000\040\157\024\171\072\172\063\133\232\140\047\166\204\040\034\146\227\176\277\040\035\377\010\213\304\133\241\225\356\134\061\173\124\377\011}{chapter.4}% 31
\BOOKMARK [0][]{chapter.5}{\376\377\0005\000\040\230\171\166\356\150\070\137\303\172\336\116\211\122\233\116\016\122\033\145\260\116\367\120\074}{}% 32
\BOOKMARK [1][]{section.5.1}{\376\377\0005\000.\0001\000\040\145\131\200\262\116\367\120\074\377\032\0007\000x\0002\0004\134\017\145\366\166\204\040\034\000A\000I\000\040\122\251\145\131\040\035\000\040\000\050\000E\000d\000u\000c\000a\000t\000i\000o\000n\000a\000l\000\040\000V\000a\000l\000u\000e\000\051}{chapter.5}% 33
\BOOKMARK [1][]{section.5.2}{\376\377\0005\000.\0002\000\040\172\357\117\247\147\201\201\364\140\047\200\375\377\032\127\050\173\024\213\260\147\054\116\012\215\321\121\372\147\015\122\241\126\150\166\204\220\037\136\246\000\040\000\050\000E\000x\000t\000r\000e\000m\000e\000\040\000E\000d\000g\000e\000\040\000P\000e\000r\000f\000o\000r\000m\000a\000n\000c\000e\000\051}{chapter.5}% 34
\BOOKMARK [1][]{section.5.3}{\376\377\0005\000.\0003\000\040\162\354\122\033\166\204\142\323\142\121\146\040\134\004\173\227\154\325\000\040\000\050\000U\000n\000i\000q\000u\000e\000\040\000T\000o\000p\000o\000l\000o\000g\000y\000\040\000M\000a\000p\000p\000i\000n\000g\000\051}{chapter.5}% 35
\BOOKMARK [1][]{section.5.4}{\376\377\0005\000.\0004\000\040\123\357\211\343\221\312\140\047\123\315\231\210\000\040\000\050\000E\000x\000p\000l\000a\000i\000n\000a\000b\000l\000e\000\040\000F\000e\000e\000d\000b\000a\000c\000k\000\051}{chapter.5}% 36
\BOOKMARK [0][]{chapter.6}{\376\377\0006\000\040\226\104\137\125}{}% 37
\BOOKMARK [1][]{section.6.1}{\376\377\0006\000.\0001\000\040\147\057\213\355\123\312\177\051\165\145\213\355\213\364\146\016}{chapter.6}% 38
\BOOKMARK [1][]{section.6.2}{\376\377\0006\000.\0002\000\040\142\245\124\112\144\260\121\231\143\320\171\072}{chapter.6}% 39
\BOOKMARK [1][]{section.6.3}{\376\377\0006\000.\0003\000\040\157\024\171\072\000/\217\320\210\114\213\364\146\016}{chapter.6}% 40
\BOOKMARK [1][]{section.6.4}{\376\377\0006\000.\0004\000\040\230\171\166\356\145\207\116\366\176\323\147\204\213\364\146\016\000\040\000\050\000P\000r\000o\000j\000e\000c\000t\000\040\000S\000t\000r\000u\000c\000t\000u\000r\000e\000\051}{chapter.6}% 41
\BOOKMARK [2][]{subsection.6.4.1}{\376\377\0006\000.\0004\000.\0001\000\040\121\145\123\343\116\016\150\070\137\303\220\073\217\221}{section.6.4}% 42
\BOOKMARK [2][]{subsection.6.4.2}{\376\377\0006\000.\0004\000.\0002\000\040\145\160\143\156\131\004\164\006\116\016\213\255\176\303\217\205\122\251}{section.6.4}% 43
\BOOKMARK [2][]{subsection.6.4.3}{\376\377\0006\000.\0004\000.\0003\000\040\152\041\127\213\116\016\221\315\211\201\166\356\137\125}{section.6.4}% 44
